2025-01-13 15:47:43,997 - INFO - 使用设备: cuda
2025-01-13 15:47:43,997 - INFO - Found 20 classes in real directory.
2025-01-13 15:47:43,997 - INFO - Loading images from class 'airplane' in real. Total images: 200
2025-01-13 15:47:45,578 - INFO - Loading images from class 'bicycle' in real. Total images: 200
2025-01-13 15:47:47,465 - INFO - Loading images from class 'bird' in real. Total images: 200
2025-01-13 15:47:49,114 - INFO - Loading images from class 'boat' in real. Total images: 200
2025-01-13 15:47:51,105 - INFO - Loading images from class 'bottle' in real. Total images: 200
2025-01-13 15:47:53,003 - INFO - Loading images from class 'bus' in real. Total images: 200
2025-01-13 15:47:54,676 - INFO - Loading images from class 'car' in real. Total images: 200
2025-01-13 15:47:56,365 - INFO - Loading images from class 'cat' in real. Total images: 200
2025-01-13 15:47:58,033 - INFO - Loading images from class 'chair' in real. Total images: 200
2025-01-13 15:47:59,541 - INFO - Loading images from class 'cow' in real. Total images: 200
2025-01-13 15:48:01,031 - INFO - Loading images from class 'diningtable' in real. Total images: 200
2025-01-13 15:48:02,528 - INFO - Loading images from class 'dog' in real. Total images: 200
2025-01-13 15:48:03,896 - INFO - Loading images from class 'horse' in real. Total images: 200
2025-01-13 15:48:05,367 - INFO - Loading images from class 'motorbike' in real. Total images: 200
2025-01-13 15:48:06,943 - INFO - Loading images from class 'person' in real. Total images: 200
2025-01-13 15:48:09,015 - INFO - Loading images from class 'pottedplant' in real. Total images: 200
2025-01-13 15:48:10,947 - INFO - Loading images from class 'sheep' in real. Total images: 200
2025-01-13 15:48:13,628 - INFO - Loading images from class 'sofa' in real. Total images: 200
2025-01-13 15:48:16,595 - INFO - Loading images from class 'train' in real. Total images: 200
2025-01-13 15:48:19,558 - INFO - Loading images from class 'tvmonitor' in real. Total images: 200
2025-01-13 15:48:22,261 - INFO - Found 20 classes in fake directory.
2025-01-13 15:48:22,261 - INFO - Loading images from class 'airplane' in fake. Total images: 200
2025-01-13 15:48:25,035 - INFO - Loading images from class 'bicycle' in fake. Total images: 200
2025-01-13 15:48:27,743 - INFO - Loading images from class 'bird' in fake. Total images: 200
2025-01-13 15:48:29,603 - INFO - Loading images from class 'boat' in fake. Total images: 200
2025-01-13 15:48:31,575 - INFO - Loading images from class 'bottle' in fake. Total images: 200
2025-01-13 15:48:33,343 - INFO - Loading images from class 'bus' in fake. Total images: 200
2025-01-13 15:48:34,921 - INFO - Loading images from class 'car' in fake. Total images: 200
2025-01-13 15:48:37,543 - INFO - Loading images from class 'cat' in fake. Total images: 200
2025-01-13 15:48:40,319 - INFO - Loading images from class 'chair' in fake. Total images: 200
2025-01-13 15:48:43,290 - INFO - Loading images from class 'cow' in fake. Total images: 200
2025-01-13 15:48:46,168 - INFO - Loading images from class 'diningtable' in fake. Total images: 200
2025-01-13 15:48:48,680 - INFO - Loading images from class 'dog' in fake. Total images: 200
2025-01-13 15:48:51,336 - INFO - Loading images from class 'horse' in fake. Total images: 200
2025-01-13 15:48:54,439 - INFO - Loading images from class 'motorbike' in fake. Total images: 200
2025-01-13 15:48:57,608 - INFO - Loading images from class 'person' in fake. Total images: 200
2025-01-13 15:49:00,557 - INFO - Loading images from class 'pottedplant' in fake. Total images: 200
2025-01-13 15:49:02,923 - INFO - Loading images from class 'sheep' in fake. Total images: 200
2025-01-13 15:49:04,950 - INFO - Loading images from class 'sofa' in fake. Total images: 200
2025-01-13 15:49:06,791 - INFO - Loading images from class 'train' in fake. Total images: 200
2025-01-13 15:49:08,191 - INFO - Loading images from class 'tvmonitor' in fake. Total images: 200
2025-01-13 15:49:09,544 - INFO - Total real images: 4000
2025-01-13 15:49:09,545 - INFO - Total fake images: 4000
2025-01-13 15:49:09,545 - INFO - Total images loaded: 8000
2025-01-13 15:49:09,545 - INFO - 数据集总大小: 8000
2025-01-13 15:49:09,555 - INFO - 训练集大小: 6400, 测试集大小: 1600
2025-01-13 15:49:19,008 - INFO - 测试集中的真实图片数量: 789, 假图片数量: 811
2025-01-13 15:49:19,259 - INFO - 未找到模型，开始训练模型
2025-01-13 15:50:11,918 - INFO - Epoch [1/20], Loss: 0.5878, Accuracy: 69.11%
2025-01-13 15:51:02,565 - INFO - Epoch [2/20], Loss: 0.3399, Accuracy: 84.59%
2025-01-13 15:51:53,868 - INFO - Epoch [3/20], Loss: 0.2349, Accuracy: 89.92%
2025-01-13 15:53:01,590 - INFO - Epoch [4/20], Loss: 0.1896, Accuracy: 92.14%
2025-01-13 15:53:52,902 - INFO - Epoch [5/20], Loss: 0.1564, Accuracy: 93.75%
2025-01-13 15:55:10,923 - INFO - Epoch [6/20], Loss: 0.1451, Accuracy: 94.52%
2025-01-13 15:56:47,686 - INFO - Epoch [7/20], Loss: 0.1028, Accuracy: 96.03%
2025-01-13 15:58:24,211 - INFO - Epoch [8/20], Loss: 0.0578, Accuracy: 98.11%
2025-01-13 15:59:18,803 - INFO - Epoch [9/20], Loss: 0.0390, Accuracy: 98.64%
2025-01-13 16:00:09,286 - INFO - Epoch [10/20], Loss: 0.0292, Accuracy: 99.20%
2025-01-13 16:00:57,420 - INFO - Epoch [11/20], Loss: 0.0314, Accuracy: 99.23%
2025-01-13 16:01:30,135 - INFO - Epoch [12/20], Loss: 0.0264, Accuracy: 99.20%
2025-01-13 16:02:12,069 - INFO - Epoch [13/20], Loss: 0.0245, Accuracy: 99.28%
2025-01-13 16:02:47,717 - INFO - Epoch [14/20], Loss: 0.0202, Accuracy: 99.36%
2025-01-13 16:03:23,576 - INFO - Epoch [15/20], Loss: 0.0193, Accuracy: 99.42%
2025-01-13 16:03:59,737 - INFO - Epoch [16/20], Loss: 0.0200, Accuracy: 99.47%
2025-01-13 16:04:34,054 - INFO - Epoch [17/20], Loss: 0.0218, Accuracy: 99.34%
2025-01-13 16:05:08,425 - INFO - Epoch [18/20], Loss: 0.0214, Accuracy: 99.45%
2025-01-13 16:05:50,099 - INFO - Epoch [19/20], Loss: 0.0168, Accuracy: 99.47%
2025-01-13 16:06:39,269 - INFO - Epoch [20/20], Loss: 0.0164, Accuracy: 99.58%
2025-01-13 16:06:39,269 - INFO - 训练完成
2025-01-13 16:06:39,321 - INFO - 模型已保存为 model.pth
2025-01-13 16:06:46,947 - INFO - 对抗攻击前 - 真实图片准确率: 95.44%, 假图片准确率: 95.93%
2025-01-13 16:10:54,024 - INFO - 对抗攻击后 - 真实图片准确率: 8.62%, 假图片准确率: 0.99%
2025-01-13 16:10:54,025 - INFO - 对抗攻击前 - 总体准确率: 95.69%
2025-01-13 16:10:54,025 - INFO - 对抗攻击后 - 总体准确率: 4.75%
2025-01-14 20:12:02,556 - INFO - 使用设备: cuda
2025-01-14 20:12:02,558 - INFO - Found 20 classes in real directory.
2025-01-14 20:12:02,558 - INFO - Loading images from class 'airplane' in real. Total images: 200
2025-01-14 20:12:02,673 - INFO - Loading images from class 'bicycle' in real. Total images: 200
2025-01-14 20:12:02,790 - INFO - Loading images from class 'bird' in real. Total images: 200
2025-01-14 20:12:02,902 - INFO - Loading images from class 'boat' in real. Total images: 200
2025-01-14 20:12:03,015 - INFO - Loading images from class 'bottle' in real. Total images: 200
2025-01-14 20:12:03,123 - INFO - Loading images from class 'bus' in real. Total images: 200
2025-01-14 20:12:03,234 - INFO - Loading images from class 'car' in real. Total images: 200
2025-01-14 20:12:03,347 - INFO - Loading images from class 'cat' in real. Total images: 200
2025-01-14 20:12:03,464 - INFO - Loading images from class 'chair' in real. Total images: 200
2025-01-14 20:12:03,584 - INFO - Loading images from class 'cow' in real. Total images: 200
2025-01-14 20:12:03,719 - INFO - Loading images from class 'diningtable' in real. Total images: 200
2025-01-14 20:12:03,849 - INFO - Loading images from class 'dog' in real. Total images: 200
2025-01-14 20:12:03,973 - INFO - Loading images from class 'horse' in real. Total images: 200
2025-01-14 20:12:04,100 - INFO - Loading images from class 'motorbike' in real. Total images: 200
2025-01-14 20:12:04,230 - INFO - Loading images from class 'person' in real. Total images: 200
2025-01-14 20:12:04,352 - INFO - Loading images from class 'pottedplant' in real. Total images: 200
2025-01-14 20:12:04,486 - INFO - Loading images from class 'sheep' in real. Total images: 200
2025-01-14 20:12:04,609 - INFO - Loading images from class 'sofa' in real. Total images: 200
2025-01-14 20:12:04,719 - INFO - Loading images from class 'train' in real. Total images: 200
2025-01-14 20:12:04,834 - INFO - Loading images from class 'tvmonitor' in real. Total images: 200
2025-01-14 20:12:04,941 - INFO - Found 20 classes in fake directory.
2025-01-14 20:12:04,944 - INFO - Loading images from class 'airplane' in fake. Total images: 200
2025-01-14 20:12:05,053 - INFO - Loading images from class 'bicycle' in fake. Total images: 200
2025-01-14 20:12:05,181 - INFO - Loading images from class 'bird' in fake. Total images: 200
2025-01-14 20:12:05,298 - INFO - Loading images from class 'boat' in fake. Total images: 200
2025-01-14 20:12:05,412 - INFO - Loading images from class 'bottle' in fake. Total images: 200
2025-01-14 20:12:05,526 - INFO - Loading images from class 'bus' in fake. Total images: 200
2025-01-14 20:12:05,653 - INFO - Loading images from class 'car' in fake. Total images: 200
2025-01-14 20:12:05,773 - INFO - Loading images from class 'cat' in fake. Total images: 200
2025-01-14 20:12:05,898 - INFO - Loading images from class 'chair' in fake. Total images: 200
2025-01-14 20:12:06,016 - INFO - Loading images from class 'cow' in fake. Total images: 200
2025-01-14 20:12:06,147 - INFO - Loading images from class 'diningtable' in fake. Total images: 200
2025-01-14 20:12:06,270 - INFO - Loading images from class 'dog' in fake. Total images: 200
2025-01-14 20:12:06,395 - INFO - Loading images from class 'horse' in fake. Total images: 200
2025-01-14 20:12:06,523 - INFO - Loading images from class 'motorbike' in fake. Total images: 200
2025-01-14 20:12:06,668 - INFO - Loading images from class 'person' in fake. Total images: 200
2025-01-14 20:12:06,790 - INFO - Loading images from class 'pottedplant' in fake. Total images: 200
2025-01-14 20:12:06,927 - INFO - Loading images from class 'sheep' in fake. Total images: 200
2025-01-14 20:12:07,060 - INFO - Loading images from class 'sofa' in fake. Total images: 200
2025-01-14 20:12:07,180 - INFO - Loading images from class 'train' in fake. Total images: 200
2025-01-14 20:12:07,307 - INFO - Loading images from class 'tvmonitor' in fake. Total images: 200
2025-01-14 20:12:07,426 - INFO - Total real images: 4000
2025-01-14 20:12:07,426 - INFO - Total fake images: 4000
2025-01-14 20:12:07,426 - INFO - Total images loaded: 8000
2025-01-14 20:12:07,426 - INFO - 数据集总大小: 8000
2025-01-14 20:12:07,427 - INFO - 训练集大小: 6400, 测试集大小: 1600
2025-01-14 20:12:15,334 - INFO - 测试集中的真实图片数量: 807, 假图片数量: 793
2025-01-14 20:12:15,579 - INFO - 成功加载已有的模型
2025-01-14 20:12:22,255 - INFO - 对抗攻击前 - 真实图片准确率: 99.26%, 假图片准确率: 98.87%
2025-01-14 20:14:47,605 - INFO - 对抗攻击后 - 真实图片准确率: 13.38%, 假图片准确率: 1.13%
2025-01-14 20:14:47,606 - INFO - 对抗攻击前 - 总体准确率: 99.06%
2025-01-14 20:14:47,606 - INFO - 对抗攻击后 - 总体准确率: 7.31%
2025-01-14 20:16:02,486 - INFO - 使用设备: cuda
2025-01-14 20:16:02,486 - INFO - Found 20 classes in real directory.
2025-01-14 20:16:02,486 - INFO - Loading images from class 'airplane' in real. Total images: 200
2025-01-14 20:16:02,527 - INFO - Loading images from class 'bicycle' in real. Total images: 200
2025-01-14 20:16:02,566 - INFO - Loading images from class 'bird' in real. Total images: 200
2025-01-14 20:16:02,601 - INFO - Loading images from class 'boat' in real. Total images: 200
2025-01-14 20:16:02,637 - INFO - Loading images from class 'bottle' in real. Total images: 200
2025-01-14 20:16:02,671 - INFO - Loading images from class 'bus' in real. Total images: 200
2025-01-14 20:16:02,709 - INFO - Loading images from class 'car' in real. Total images: 200
2025-01-14 20:16:02,745 - INFO - Loading images from class 'cat' in real. Total images: 200
2025-01-14 20:16:02,778 - INFO - Loading images from class 'chair' in real. Total images: 200
2025-01-14 20:16:02,813 - INFO - Loading images from class 'cow' in real. Total images: 200
2025-01-14 20:16:02,849 - INFO - Loading images from class 'diningtable' in real. Total images: 200
2025-01-14 20:16:02,886 - INFO - Loading images from class 'dog' in real. Total images: 200
2025-01-14 20:16:02,922 - INFO - Loading images from class 'horse' in real. Total images: 200
2025-01-14 20:16:02,964 - INFO - Loading images from class 'motorbike' in real. Total images: 200
2025-01-14 20:16:03,001 - INFO - Loading images from class 'person' in real. Total images: 200
2025-01-14 20:16:03,037 - INFO - Loading images from class 'pottedplant' in real. Total images: 200
2025-01-14 20:16:03,074 - INFO - Loading images from class 'sheep' in real. Total images: 200
2025-01-14 20:16:03,110 - INFO - Loading images from class 'sofa' in real. Total images: 200
2025-01-14 20:16:03,146 - INFO - Loading images from class 'train' in real. Total images: 200
2025-01-14 20:16:03,186 - INFO - Loading images from class 'tvmonitor' in real. Total images: 200
2025-01-14 20:16:03,223 - INFO - Found 20 classes in fake directory.
2025-01-14 20:16:03,223 - INFO - Loading images from class 'airplane' in fake. Total images: 200
2025-01-14 20:16:03,265 - INFO - Loading images from class 'bicycle' in fake. Total images: 200
2025-01-14 20:16:03,309 - INFO - Loading images from class 'bird' in fake. Total images: 200
2025-01-14 20:16:03,351 - INFO - Loading images from class 'boat' in fake. Total images: 200
2025-01-14 20:16:03,398 - INFO - Loading images from class 'bottle' in fake. Total images: 200
2025-01-14 20:16:03,439 - INFO - Loading images from class 'bus' in fake. Total images: 200
2025-01-14 20:16:03,485 - INFO - Loading images from class 'car' in fake. Total images: 200
2025-01-14 20:16:03,529 - INFO - Loading images from class 'cat' in fake. Total images: 200
2025-01-14 20:16:03,571 - INFO - Loading images from class 'chair' in fake. Total images: 200
2025-01-14 20:16:03,609 - INFO - Loading images from class 'cow' in fake. Total images: 200
2025-01-14 20:16:03,657 - INFO - Loading images from class 'diningtable' in fake. Total images: 200
2025-01-14 20:16:03,701 - INFO - Loading images from class 'dog' in fake. Total images: 200
2025-01-14 20:16:03,738 - INFO - Loading images from class 'horse' in fake. Total images: 200
2025-01-14 20:16:03,775 - INFO - Loading images from class 'motorbike' in fake. Total images: 200
2025-01-14 20:16:03,816 - INFO - Loading images from class 'person' in fake. Total images: 200
2025-01-14 20:16:03,855 - INFO - Loading images from class 'pottedplant' in fake. Total images: 200
2025-01-14 20:16:03,893 - INFO - Loading images from class 'sheep' in fake. Total images: 200
2025-01-14 20:16:03,931 - INFO - Loading images from class 'sofa' in fake. Total images: 200
2025-01-14 20:16:03,967 - INFO - Loading images from class 'train' in fake. Total images: 200
2025-01-14 20:16:04,002 - INFO - Loading images from class 'tvmonitor' in fake. Total images: 200
2025-01-14 20:16:04,035 - INFO - Total real images: 4000
2025-01-14 20:16:04,035 - INFO - Total fake images: 4000
2025-01-14 20:16:04,036 - INFO - Total images loaded: 8000
2025-01-14 20:16:04,036 - INFO - 数据集总大小: 8000
2025-01-14 20:16:04,036 - INFO - 训练集大小: 6400, 测试集大小: 1600
2025-01-14 20:16:13,086 - INFO - 测试集中的真实图片数量: 794, 假图片数量: 806
2025-01-14 20:16:13,264 - INFO - 成功加载已有的模型
2025-01-14 20:16:20,644 - INFO - 对抗攻击前 - 真实图片准确率: 98.99%, 假图片准确率: 99.38%
2025-01-14 20:17:01,759 - INFO - 对抗攻击后 - 真实图片准确率: 47.10%, 假图片准确率: 4.71%
2025-01-14 20:17:01,759 - INFO - 对抗攻击前 - 总体准确率: 99.19%
2025-01-14 20:17:01,759 - INFO - 对抗攻击后 - 总体准确率: 25.75%
2025-01-14 20:18:36,809 - INFO - 使用设备: cuda
2025-01-14 20:18:36,809 - INFO - Found 20 classes in real directory.
2025-01-14 20:18:36,809 - INFO - Loading images from class 'airplane' in real. Total images: 200
2025-01-14 20:18:36,848 - INFO - Loading images from class 'bicycle' in real. Total images: 200
2025-01-14 20:18:36,884 - INFO - Loading images from class 'bird' in real. Total images: 200
2025-01-14 20:18:36,919 - INFO - Loading images from class 'boat' in real. Total images: 200
2025-01-14 20:18:36,956 - INFO - Loading images from class 'bottle' in real. Total images: 200
2025-01-14 20:18:36,991 - INFO - Loading images from class 'bus' in real. Total images: 200
2025-01-14 20:18:37,028 - INFO - Loading images from class 'car' in real. Total images: 200
2025-01-14 20:18:37,062 - INFO - Loading images from class 'cat' in real. Total images: 200
2025-01-14 20:18:37,099 - INFO - Loading images from class 'chair' in real. Total images: 200
2025-01-14 20:18:37,134 - INFO - Loading images from class 'cow' in real. Total images: 200
2025-01-14 20:18:37,171 - INFO - Loading images from class 'diningtable' in real. Total images: 200
2025-01-14 20:18:37,206 - INFO - Loading images from class 'dog' in real. Total images: 200
2025-01-14 20:18:37,241 - INFO - Loading images from class 'horse' in real. Total images: 200
2025-01-14 20:18:37,280 - INFO - Loading images from class 'motorbike' in real. Total images: 200
2025-01-14 20:18:37,317 - INFO - Loading images from class 'person' in real. Total images: 200
2025-01-14 20:18:37,351 - INFO - Loading images from class 'pottedplant' in real. Total images: 200
2025-01-14 20:18:37,389 - INFO - Loading images from class 'sheep' in real. Total images: 200
2025-01-14 20:18:37,425 - INFO - Loading images from class 'sofa' in real. Total images: 200
2025-01-14 20:18:37,460 - INFO - Loading images from class 'train' in real. Total images: 200
2025-01-14 20:18:37,500 - INFO - Loading images from class 'tvmonitor' in real. Total images: 200
2025-01-14 20:18:37,532 - INFO - Found 20 classes in fake directory.
2025-01-14 20:18:37,532 - INFO - Loading images from class 'airplane' in fake. Total images: 200
2025-01-14 20:18:37,566 - INFO - Loading images from class 'bicycle' in fake. Total images: 200
2025-01-14 20:18:37,605 - INFO - Loading images from class 'bird' in fake. Total images: 200
2025-01-14 20:18:37,640 - INFO - Loading images from class 'boat' in fake. Total images: 200
2025-01-14 20:18:37,678 - INFO - Loading images from class 'bottle' in fake. Total images: 200
2025-01-14 20:18:37,719 - INFO - Loading images from class 'bus' in fake. Total images: 200
2025-01-14 20:18:37,757 - INFO - Loading images from class 'car' in fake. Total images: 200
2025-01-14 20:18:37,793 - INFO - Loading images from class 'cat' in fake. Total images: 200
2025-01-14 20:18:37,832 - INFO - Loading images from class 'chair' in fake. Total images: 200
2025-01-14 20:18:37,869 - INFO - Loading images from class 'cow' in fake. Total images: 200
2025-01-14 20:18:37,910 - INFO - Loading images from class 'diningtable' in fake. Total images: 200
2025-01-14 20:18:37,950 - INFO - Loading images from class 'dog' in fake. Total images: 200
2025-01-14 20:18:37,989 - INFO - Loading images from class 'horse' in fake. Total images: 200
2025-01-14 20:18:38,025 - INFO - Loading images from class 'motorbike' in fake. Total images: 200
2025-01-14 20:18:38,070 - INFO - Loading images from class 'person' in fake. Total images: 200
2025-01-14 20:18:38,107 - INFO - Loading images from class 'pottedplant' in fake. Total images: 200
2025-01-14 20:18:38,151 - INFO - Loading images from class 'sheep' in fake. Total images: 200
2025-01-14 20:18:38,194 - INFO - Loading images from class 'sofa' in fake. Total images: 200
2025-01-14 20:18:38,231 - INFO - Loading images from class 'train' in fake. Total images: 200
2025-01-14 20:18:38,268 - INFO - Loading images from class 'tvmonitor' in fake. Total images: 200
2025-01-14 20:18:38,304 - INFO - Total real images: 4000
2025-01-14 20:18:38,304 - INFO - Total fake images: 4000
2025-01-14 20:18:38,304 - INFO - Total images loaded: 8000
2025-01-14 20:18:38,304 - INFO - 数据集总大小: 8000
2025-01-14 20:18:38,304 - INFO - 训练集大小: 6400, 测试集大小: 1600
2025-01-14 20:18:46,509 - INFO - 测试集中的真实图片数量: 787, 假图片数量: 813
2025-01-14 20:18:46,695 - INFO - 成功加载已有的模型
2025-01-14 20:18:54,116 - INFO - 对抗攻击前 - 真实图片准确率: 99.36%, 假图片准确率: 99.26%
2025-01-14 20:19:08,555 - INFO - 对抗攻击后 - 真实图片准确率: 90.85%, 假图片准确率: 27.80%
2025-01-14 20:19:08,555 - INFO - 对抗攻击前 - 总体准确率: 99.31%
2025-01-14 20:19:08,555 - INFO - 对抗攻击后 - 总体准确率: 58.81%
2025-01-14 20:33:22,040 - INFO - 使用设备: cuda
2025-01-14 20:33:22,040 - INFO - Found 20 classes in real directory.
2025-01-14 20:33:22,041 - INFO - Loading images from class 'airplane' in real. Total images: 200
2025-01-14 20:33:22,149 - INFO - Loading images from class 'bicycle' in real. Total images: 200
2025-01-14 20:33:22,249 - INFO - Loading images from class 'bird' in real. Total images: 200
2025-01-14 20:33:22,337 - INFO - Loading images from class 'boat' in real. Total images: 200
2025-01-14 20:33:22,441 - INFO - Loading images from class 'bottle' in real. Total images: 200
2025-01-14 20:33:22,548 - INFO - Loading images from class 'bus' in real. Total images: 200
2025-01-14 20:33:22,635 - INFO - Loading images from class 'car' in real. Total images: 200
2025-01-14 20:33:22,722 - INFO - Loading images from class 'cat' in real. Total images: 200
2025-01-14 20:33:22,832 - INFO - Loading images from class 'chair' in real. Total images: 200
2025-01-14 20:33:22,932 - INFO - Loading images from class 'cow' in real. Total images: 200
2025-01-14 20:33:23,017 - INFO - Loading images from class 'diningtable' in real. Total images: 200
2025-01-14 20:33:23,114 - INFO - Loading images from class 'dog' in real. Total images: 200
2025-01-14 20:33:23,205 - INFO - Loading images from class 'horse' in real. Total images: 200
2025-01-14 20:33:23,296 - INFO - Loading images from class 'motorbike' in real. Total images: 200
2025-01-14 20:33:23,383 - INFO - Loading images from class 'person' in real. Total images: 200
2025-01-14 20:33:23,463 - INFO - Loading images from class 'pottedplant' in real. Total images: 200
2025-01-14 20:33:23,551 - INFO - Loading images from class 'sheep' in real. Total images: 200
2025-01-14 20:33:23,640 - INFO - Loading images from class 'sofa' in real. Total images: 200
2025-01-14 20:33:23,731 - INFO - Loading images from class 'train' in real. Total images: 200
2025-01-14 20:33:23,813 - INFO - Loading images from class 'tvmonitor' in real. Total images: 200
2025-01-14 20:33:23,927 - INFO - Found 20 classes in fake directory.
2025-01-14 20:33:23,927 - INFO - Loading images from class 'airplane' in fake. Total images: 200
2025-01-14 20:33:24,031 - INFO - Loading images from class 'bicycle' in fake. Total images: 200
2025-01-14 20:33:24,151 - INFO - Loading images from class 'bird' in fake. Total images: 200
2025-01-14 20:33:24,267 - INFO - Loading images from class 'boat' in fake. Total images: 200
2025-01-14 20:33:24,381 - INFO - Loading images from class 'bottle' in fake. Total images: 200
2025-01-14 20:33:24,482 - INFO - Loading images from class 'bus' in fake. Total images: 200
2025-01-14 20:33:24,594 - INFO - Loading images from class 'car' in fake. Total images: 200
2025-01-14 20:33:24,706 - INFO - Loading images from class 'cat' in fake. Total images: 200
2025-01-14 20:33:24,818 - INFO - Loading images from class 'chair' in fake. Total images: 200
2025-01-14 20:33:24,925 - INFO - Loading images from class 'cow' in fake. Total images: 200
2025-01-14 20:33:25,012 - INFO - Loading images from class 'diningtable' in fake. Total images: 200
2025-01-14 20:33:25,112 - INFO - Loading images from class 'dog' in fake. Total images: 200
2025-01-14 20:33:25,217 - INFO - Loading images from class 'horse' in fake. Total images: 200
2025-01-14 20:33:25,312 - INFO - Loading images from class 'motorbike' in fake. Total images: 200
2025-01-14 20:33:25,413 - INFO - Loading images from class 'person' in fake. Total images: 200
2025-01-14 20:33:25,506 - INFO - Loading images from class 'pottedplant' in fake. Total images: 200
2025-01-14 20:33:25,598 - INFO - Loading images from class 'sheep' in fake. Total images: 200
2025-01-14 20:33:25,697 - INFO - Loading images from class 'sofa' in fake. Total images: 200
2025-01-14 20:33:25,795 - INFO - Loading images from class 'train' in fake. Total images: 200
2025-01-14 20:33:25,890 - INFO - Loading images from class 'tvmonitor' in fake. Total images: 200
2025-01-14 20:33:26,003 - INFO - Total real images: 4000
2025-01-14 20:33:26,003 - INFO - Total fake images: 4000
2025-01-14 20:33:26,003 - INFO - Total images loaded: 8000
2025-01-14 20:33:26,003 - INFO - 数据集总大小: 8000
2025-01-14 20:33:26,012 - INFO - 训练集大小: 6400, 测试集大小: 1600
2025-01-14 20:33:33,847 - INFO - 测试集中的真实图片数量: 805, 假图片数量: 795
2025-01-14 20:33:34,080 - INFO - 成功加载已有的模型
2025-01-14 20:33:39,720 - INFO - 对抗攻击前 - 真实图片准确率: 99.75%, 假图片准确率: 99.12%
2025-01-14 20:33:48,299 - INFO - 对抗攻击后 - 真实图片准确率: 90.68%, 假图片准确率: 27.30%
2025-01-14 20:33:48,300 - INFO - 对抗攻击前 - 总体准确率: 99.44%
2025-01-14 20:33:48,300 - INFO - 对抗攻击后 - 总体准确率: 59.19%
2025-01-14 20:34:26,213 - INFO - 使用设备: cuda
2025-01-14 20:34:26,213 - INFO - Found 20 classes in real directory.
2025-01-14 20:34:26,213 - INFO - Loading images from class 'airplane' in real. Total images: 200
2025-01-14 20:34:26,253 - INFO - Loading images from class 'bicycle' in real. Total images: 200
2025-01-14 20:34:26,291 - INFO - Loading images from class 'bird' in real. Total images: 200
2025-01-14 20:34:26,328 - INFO - Loading images from class 'boat' in real. Total images: 200
2025-01-14 20:34:26,365 - INFO - Loading images from class 'bottle' in real. Total images: 200
2025-01-14 20:34:26,400 - INFO - Loading images from class 'bus' in real. Total images: 200
2025-01-14 20:34:26,440 - INFO - Loading images from class 'car' in real. Total images: 200
2025-01-14 20:34:26,477 - INFO - Loading images from class 'cat' in real. Total images: 200
2025-01-14 20:34:26,516 - INFO - Loading images from class 'chair' in real. Total images: 200
2025-01-14 20:34:26,552 - INFO - Loading images from class 'cow' in real. Total images: 200
2025-01-14 20:34:26,589 - INFO - Loading images from class 'diningtable' in real. Total images: 200
2025-01-14 20:34:26,628 - INFO - Loading images from class 'dog' in real. Total images: 200
2025-01-14 20:34:26,667 - INFO - Loading images from class 'horse' in real. Total images: 200
2025-01-14 20:34:26,707 - INFO - Loading images from class 'motorbike' in real. Total images: 200
2025-01-14 20:34:26,745 - INFO - Loading images from class 'person' in real. Total images: 200
2025-01-14 20:34:26,782 - INFO - Loading images from class 'pottedplant' in real. Total images: 200
2025-01-14 20:34:26,821 - INFO - Loading images from class 'sheep' in real. Total images: 200
2025-01-14 20:34:26,863 - INFO - Loading images from class 'sofa' in real. Total images: 200
2025-01-14 20:34:26,901 - INFO - Loading images from class 'train' in real. Total images: 200
2025-01-14 20:34:26,942 - INFO - Loading images from class 'tvmonitor' in real. Total images: 200
2025-01-14 20:34:26,976 - INFO - Found 20 classes in fake directory.
2025-01-14 20:34:26,976 - INFO - Loading images from class 'airplane' in fake. Total images: 200
2025-01-14 20:34:27,012 - INFO - Loading images from class 'bicycle' in fake. Total images: 200
2025-01-14 20:34:27,051 - INFO - Loading images from class 'bird' in fake. Total images: 200
2025-01-14 20:34:27,088 - INFO - Loading images from class 'boat' in fake. Total images: 200
2025-01-14 20:34:27,128 - INFO - Loading images from class 'bottle' in fake. Total images: 200
2025-01-14 20:34:27,167 - INFO - Loading images from class 'bus' in fake. Total images: 200
2025-01-14 20:34:27,209 - INFO - Loading images from class 'car' in fake. Total images: 200
2025-01-14 20:34:27,247 - INFO - Loading images from class 'cat' in fake. Total images: 200
2025-01-14 20:34:27,287 - INFO - Loading images from class 'chair' in fake. Total images: 200
2025-01-14 20:34:27,325 - INFO - Loading images from class 'cow' in fake. Total images: 200
2025-01-14 20:34:27,367 - INFO - Loading images from class 'diningtable' in fake. Total images: 200
2025-01-14 20:34:27,409 - INFO - Loading images from class 'dog' in fake. Total images: 200
2025-01-14 20:34:27,446 - INFO - Loading images from class 'horse' in fake. Total images: 200
2025-01-14 20:34:27,486 - INFO - Loading images from class 'motorbike' in fake. Total images: 200
2025-01-14 20:34:27,526 - INFO - Loading images from class 'person' in fake. Total images: 200
2025-01-14 20:34:27,564 - INFO - Loading images from class 'pottedplant' in fake. Total images: 200
2025-01-14 20:34:27,605 - INFO - Loading images from class 'sheep' in fake. Total images: 200
2025-01-14 20:34:27,650 - INFO - Loading images from class 'sofa' in fake. Total images: 200
2025-01-14 20:34:27,686 - INFO - Loading images from class 'train' in fake. Total images: 200
2025-01-14 20:34:27,725 - INFO - Loading images from class 'tvmonitor' in fake. Total images: 200
2025-01-14 20:34:27,761 - INFO - Total real images: 4000
2025-01-14 20:34:27,761 - INFO - Total fake images: 4000
2025-01-14 20:34:27,761 - INFO - Total images loaded: 8000
2025-01-14 20:34:27,761 - INFO - 数据集总大小: 8000
2025-01-14 20:34:27,761 - INFO - 训练集大小: 6400, 测试集大小: 1600
2025-01-14 20:34:35,719 - INFO - 测试集中的真实图片数量: 806, 假图片数量: 794
2025-01-14 20:34:35,908 - INFO - 成功加载已有的模型
2025-01-14 20:34:41,290 - INFO - 对抗攻击前 - 真实图片准确率: 99.13%, 假图片准确率: 99.37%
2025-01-14 20:34:49,643 - INFO - 对抗攻击后 - 真实图片准确率: 90.07%, 假图片准确率: 26.83%
2025-01-14 20:34:49,643 - INFO - 对抗攻击前 - 总体准确率: 99.25%
2025-01-14 20:34:49,644 - INFO - 对抗攻击后 - 总体准确率: 58.69%
2025-01-14 20:35:19,588 - INFO - 使用设备: cuda
2025-01-14 20:35:19,588 - INFO - Found 20 classes in real directory.
2025-01-14 20:35:19,588 - INFO - Loading images from class 'airplane' in real. Total images: 200
2025-01-14 20:35:19,628 - INFO - Loading images from class 'bicycle' in real. Total images: 200
2025-01-14 20:35:19,667 - INFO - Loading images from class 'bird' in real. Total images: 200
2025-01-14 20:35:19,703 - INFO - Loading images from class 'boat' in real. Total images: 200
2025-01-14 20:35:19,744 - INFO - Loading images from class 'bottle' in real. Total images: 200
2025-01-14 20:35:19,779 - INFO - Loading images from class 'bus' in real. Total images: 200
2025-01-14 20:35:19,818 - INFO - Loading images from class 'car' in real. Total images: 200
2025-01-14 20:35:19,855 - INFO - Loading images from class 'cat' in real. Total images: 200
2025-01-14 20:35:19,890 - INFO - Loading images from class 'chair' in real. Total images: 200
2025-01-14 20:35:19,923 - INFO - Loading images from class 'cow' in real. Total images: 200
2025-01-14 20:35:19,959 - INFO - Loading images from class 'diningtable' in real. Total images: 200
2025-01-14 20:35:19,993 - INFO - Loading images from class 'dog' in real. Total images: 200
2025-01-14 20:35:20,031 - INFO - Loading images from class 'horse' in real. Total images: 200
2025-01-14 20:35:20,070 - INFO - Loading images from class 'motorbike' in real. Total images: 200
2025-01-14 20:35:20,105 - INFO - Loading images from class 'person' in real. Total images: 200
2025-01-14 20:35:20,141 - INFO - Loading images from class 'pottedplant' in real. Total images: 200
2025-01-14 20:35:20,179 - INFO - Loading images from class 'sheep' in real. Total images: 200
2025-01-14 20:35:20,215 - INFO - Loading images from class 'sofa' in real. Total images: 200
2025-01-14 20:35:20,250 - INFO - Loading images from class 'train' in real. Total images: 200
2025-01-14 20:35:20,291 - INFO - Loading images from class 'tvmonitor' in real. Total images: 200
2025-01-14 20:35:20,323 - INFO - Found 20 classes in fake directory.
2025-01-14 20:35:20,323 - INFO - Loading images from class 'airplane' in fake. Total images: 200
2025-01-14 20:35:20,356 - INFO - Loading images from class 'bicycle' in fake. Total images: 200
2025-01-14 20:35:20,393 - INFO - Loading images from class 'bird' in fake. Total images: 200
2025-01-14 20:35:20,427 - INFO - Loading images from class 'boat' in fake. Total images: 200
2025-01-14 20:35:20,467 - INFO - Loading images from class 'bottle' in fake. Total images: 200
2025-01-14 20:35:20,502 - INFO - Loading images from class 'bus' in fake. Total images: 200
2025-01-14 20:35:20,540 - INFO - Loading images from class 'car' in fake. Total images: 200
2025-01-14 20:35:20,578 - INFO - Loading images from class 'cat' in fake. Total images: 200
2025-01-14 20:35:20,614 - INFO - Loading images from class 'chair' in fake. Total images: 200
2025-01-14 20:35:20,648 - INFO - Loading images from class 'cow' in fake. Total images: 200
2025-01-14 20:35:20,688 - INFO - Loading images from class 'diningtable' in fake. Total images: 200
2025-01-14 20:35:20,728 - INFO - Loading images from class 'dog' in fake. Total images: 200
2025-01-14 20:35:20,764 - INFO - Loading images from class 'horse' in fake. Total images: 200
2025-01-14 20:35:20,800 - INFO - Loading images from class 'motorbike' in fake. Total images: 200
2025-01-14 20:35:20,834 - INFO - Loading images from class 'person' in fake. Total images: 200
2025-01-14 20:35:20,868 - INFO - Loading images from class 'pottedplant' in fake. Total images: 200
2025-01-14 20:35:20,906 - INFO - Loading images from class 'sheep' in fake. Total images: 200
2025-01-14 20:35:20,954 - INFO - Loading images from class 'sofa' in fake. Total images: 200
2025-01-14 20:35:20,989 - INFO - Loading images from class 'train' in fake. Total images: 200
2025-01-14 20:35:21,026 - INFO - Loading images from class 'tvmonitor' in fake. Total images: 200
2025-01-14 20:35:21,059 - INFO - Total real images: 4000
2025-01-14 20:35:21,059 - INFO - Total fake images: 4000
2025-01-14 20:35:21,059 - INFO - Total images loaded: 8000
2025-01-14 20:35:21,059 - INFO - 数据集总大小: 8000
2025-01-14 20:35:21,060 - INFO - 训练集大小: 6400, 测试集大小: 1600
2025-01-14 20:35:29,646 - INFO - 测试集中的真实图片数量: 768, 假图片数量: 832
2025-01-14 20:35:29,837 - INFO - 成功加载已有的模型
2025-01-14 20:35:35,711 - INFO - 对抗攻击前 - 真实图片准确率: 99.09%, 假图片准确率: 99.16%
2025-01-14 20:35:44,082 - INFO - 对抗攻击后 - 真实图片准确率: 91.15%, 假图片准确率: 27.52%
2025-01-14 20:35:44,082 - INFO - 对抗攻击前 - 总体准确率: 99.12%
2025-01-14 20:35:44,082 - INFO - 对抗攻击后 - 总体准确率: 58.06%
2025-01-14 20:36:07,508 - INFO - 使用设备: cuda
2025-01-14 20:36:07,509 - INFO - Found 20 classes in real directory.
2025-01-14 20:36:07,509 - INFO - Loading images from class 'airplane' in real. Total images: 200
2025-01-14 20:36:07,549 - INFO - Loading images from class 'bicycle' in real. Total images: 200
2025-01-14 20:36:07,588 - INFO - Loading images from class 'bird' in real. Total images: 200
2025-01-14 20:36:07,623 - INFO - Loading images from class 'boat' in real. Total images: 200
2025-01-14 20:36:07,658 - INFO - Loading images from class 'bottle' in real. Total images: 200
2025-01-14 20:36:07,689 - INFO - Loading images from class 'bus' in real. Total images: 200
2025-01-14 20:36:07,725 - INFO - Loading images from class 'car' in real. Total images: 200
2025-01-14 20:36:07,759 - INFO - Loading images from class 'cat' in real. Total images: 200
2025-01-14 20:36:07,793 - INFO - Loading images from class 'chair' in real. Total images: 200
2025-01-14 20:36:07,826 - INFO - Loading images from class 'cow' in real. Total images: 200
2025-01-14 20:36:07,861 - INFO - Loading images from class 'diningtable' in real. Total images: 200
2025-01-14 20:36:07,896 - INFO - Loading images from class 'dog' in real. Total images: 200
2025-01-14 20:36:07,933 - INFO - Loading images from class 'horse' in real. Total images: 200
2025-01-14 20:36:07,970 - INFO - Loading images from class 'motorbike' in real. Total images: 200
2025-01-14 20:36:08,008 - INFO - Loading images from class 'person' in real. Total images: 200
2025-01-14 20:36:08,044 - INFO - Loading images from class 'pottedplant' in real. Total images: 200
2025-01-14 20:36:08,081 - INFO - Loading images from class 'sheep' in real. Total images: 200
2025-01-14 20:36:08,117 - INFO - Loading images from class 'sofa' in real. Total images: 200
2025-01-14 20:36:08,156 - INFO - Loading images from class 'train' in real. Total images: 200
2025-01-14 20:36:08,200 - INFO - Loading images from class 'tvmonitor' in real. Total images: 200
2025-01-14 20:36:08,232 - INFO - Found 20 classes in fake directory.
2025-01-14 20:36:08,233 - INFO - Loading images from class 'airplane' in fake. Total images: 200
2025-01-14 20:36:08,268 - INFO - Loading images from class 'bicycle' in fake. Total images: 200
2025-01-14 20:36:08,306 - INFO - Loading images from class 'bird' in fake. Total images: 200
2025-01-14 20:36:08,343 - INFO - Loading images from class 'boat' in fake. Total images: 200
2025-01-14 20:36:08,380 - INFO - Loading images from class 'bottle' in fake. Total images: 200
2025-01-14 20:36:08,416 - INFO - Loading images from class 'bus' in fake. Total images: 200
2025-01-14 20:36:08,453 - INFO - Loading images from class 'car' in fake. Total images: 200
2025-01-14 20:36:08,489 - INFO - Loading images from class 'cat' in fake. Total images: 200
2025-01-14 20:36:08,527 - INFO - Loading images from class 'chair' in fake. Total images: 200
2025-01-14 20:36:08,562 - INFO - Loading images from class 'cow' in fake. Total images: 200
2025-01-14 20:36:08,603 - INFO - Loading images from class 'diningtable' in fake. Total images: 200
2025-01-14 20:36:08,648 - INFO - Loading images from class 'dog' in fake. Total images: 200
2025-01-14 20:36:08,687 - INFO - Loading images from class 'horse' in fake. Total images: 200
2025-01-14 20:36:08,722 - INFO - Loading images from class 'motorbike' in fake. Total images: 200
2025-01-14 20:36:08,759 - INFO - Loading images from class 'person' in fake. Total images: 200
2025-01-14 20:36:08,795 - INFO - Loading images from class 'pottedplant' in fake. Total images: 200
2025-01-14 20:36:08,836 - INFO - Loading images from class 'sheep' in fake. Total images: 200
2025-01-14 20:36:08,877 - INFO - Loading images from class 'sofa' in fake. Total images: 200
2025-01-14 20:36:08,910 - INFO - Loading images from class 'train' in fake. Total images: 200
2025-01-14 20:36:08,946 - INFO - Loading images from class 'tvmonitor' in fake. Total images: 200
2025-01-14 20:36:08,980 - INFO - Total real images: 4000
2025-01-14 20:36:08,981 - INFO - Total fake images: 4000
2025-01-14 20:36:08,981 - INFO - Total images loaded: 8000
2025-01-14 20:36:08,981 - INFO - 数据集总大小: 8000
2025-01-14 20:36:08,981 - INFO - 训练集大小: 6400, 测试集大小: 1600
2025-01-14 20:36:17,125 - INFO - 测试集中的真实图片数量: 796, 假图片数量: 804
2025-01-14 20:36:17,307 - INFO - 成功加载已有的模型
2025-01-14 20:36:22,738 - INFO - 对抗攻击前 - 真实图片准确率: 99.12%, 假图片准确率: 99.13%
2025-01-14 20:36:31,137 - INFO - 对抗攻击后 - 真实图片准确率: 89.82%, 假图片准确率: 26.62%
2025-01-14 20:36:31,137 - INFO - 对抗攻击前 - 总体准确率: 99.12%
2025-01-14 20:36:31,137 - INFO - 对抗攻击后 - 总体准确率: 58.06%
2025-01-14 20:36:56,315 - INFO - 使用设备: cuda
2025-01-14 20:36:56,315 - INFO - Found 20 classes in real directory.
2025-01-14 20:36:56,315 - INFO - Loading images from class 'airplane' in real. Total images: 200
2025-01-14 20:36:56,354 - INFO - Loading images from class 'bicycle' in real. Total images: 200
2025-01-14 20:36:56,392 - INFO - Loading images from class 'bird' in real. Total images: 200
2025-01-14 20:36:56,428 - INFO - Loading images from class 'boat' in real. Total images: 200
2025-01-14 20:36:56,465 - INFO - Loading images from class 'bottle' in real. Total images: 200
2025-01-14 20:36:56,499 - INFO - Loading images from class 'bus' in real. Total images: 200
2025-01-14 20:36:56,536 - INFO - Loading images from class 'car' in real. Total images: 200
2025-01-14 20:36:56,573 - INFO - Loading images from class 'cat' in real. Total images: 200
2025-01-14 20:36:56,611 - INFO - Loading images from class 'chair' in real. Total images: 200
2025-01-14 20:36:56,647 - INFO - Loading images from class 'cow' in real. Total images: 200
2025-01-14 20:36:56,683 - INFO - Loading images from class 'diningtable' in real. Total images: 200
2025-01-14 20:36:56,719 - INFO - Loading images from class 'dog' in real. Total images: 200
2025-01-14 20:36:56,756 - INFO - Loading images from class 'horse' in real. Total images: 200
2025-01-14 20:36:56,796 - INFO - Loading images from class 'motorbike' in real. Total images: 200
2025-01-14 20:36:56,834 - INFO - Loading images from class 'person' in real. Total images: 200
2025-01-14 20:36:56,870 - INFO - Loading images from class 'pottedplant' in real. Total images: 200
2025-01-14 20:36:56,908 - INFO - Loading images from class 'sheep' in real. Total images: 200
2025-01-14 20:36:56,946 - INFO - Loading images from class 'sofa' in real. Total images: 200
2025-01-14 20:36:56,982 - INFO - Loading images from class 'train' in real. Total images: 200
2025-01-14 20:36:57,024 - INFO - Loading images from class 'tvmonitor' in real. Total images: 200
2025-01-14 20:36:57,058 - INFO - Found 20 classes in fake directory.
2025-01-14 20:36:57,058 - INFO - Loading images from class 'airplane' in fake. Total images: 200
2025-01-14 20:36:57,094 - INFO - Loading images from class 'bicycle' in fake. Total images: 200
2025-01-14 20:36:57,132 - INFO - Loading images from class 'bird' in fake. Total images: 200
2025-01-14 20:36:57,171 - INFO - Loading images from class 'boat' in fake. Total images: 200
2025-01-14 20:36:57,214 - INFO - Loading images from class 'bottle' in fake. Total images: 200
2025-01-14 20:36:57,256 - INFO - Loading images from class 'bus' in fake. Total images: 200
2025-01-14 20:36:57,293 - INFO - Loading images from class 'car' in fake. Total images: 200
2025-01-14 20:36:57,330 - INFO - Loading images from class 'cat' in fake. Total images: 200
2025-01-14 20:36:57,366 - INFO - Loading images from class 'chair' in fake. Total images: 200
2025-01-14 20:36:57,403 - INFO - Loading images from class 'cow' in fake. Total images: 200
2025-01-14 20:36:57,445 - INFO - Loading images from class 'diningtable' in fake. Total images: 200
2025-01-14 20:36:57,484 - INFO - Loading images from class 'dog' in fake. Total images: 200
2025-01-14 20:36:57,520 - INFO - Loading images from class 'horse' in fake. Total images: 200
2025-01-14 20:36:57,558 - INFO - Loading images from class 'motorbike' in fake. Total images: 200
2025-01-14 20:36:57,595 - INFO - Loading images from class 'person' in fake. Total images: 200
2025-01-14 20:36:57,631 - INFO - Loading images from class 'pottedplant' in fake. Total images: 200
2025-01-14 20:36:57,673 - INFO - Loading images from class 'sheep' in fake. Total images: 200
2025-01-14 20:36:57,713 - INFO - Loading images from class 'sofa' in fake. Total images: 200
2025-01-14 20:36:57,748 - INFO - Loading images from class 'train' in fake. Total images: 200
2025-01-14 20:36:57,785 - INFO - Loading images from class 'tvmonitor' in fake. Total images: 200
2025-01-14 20:36:57,819 - INFO - Total real images: 4000
2025-01-14 20:36:57,819 - INFO - Total fake images: 4000
2025-01-14 20:36:57,819 - INFO - Total images loaded: 8000
2025-01-14 20:36:57,819 - INFO - 数据集总大小: 8000
2025-01-14 20:36:57,819 - INFO - 训练集大小: 6400, 测试集大小: 1600
2025-01-14 20:37:05,849 - INFO - 测试集中的真实图片数量: 794, 假图片数量: 806
2025-01-14 20:37:06,038 - INFO - 成功加载已有的模型
2025-01-14 20:37:11,336 - INFO - 对抗攻击前 - 真实图片准确率: 99.62%, 假图片准确率: 98.51%
2025-01-14 20:37:19,731 - INFO - 对抗攻击后 - 真实图片准确率: 89.67%, 假图片准确率: 27.30%
2025-01-14 20:37:19,731 - INFO - 对抗攻击前 - 总体准确率: 99.06%
2025-01-14 20:37:19,731 - INFO - 对抗攻击后 - 总体准确率: 58.25%
2025-01-14 20:37:37,754 - INFO - 使用设备: cuda
2025-01-14 20:37:37,754 - INFO - Found 20 classes in real directory.
2025-01-14 20:37:37,754 - INFO - Loading images from class 'airplane' in real. Total images: 200
2025-01-14 20:37:37,793 - INFO - Loading images from class 'bicycle' in real. Total images: 200
2025-01-14 20:37:37,832 - INFO - Loading images from class 'bird' in real. Total images: 200
2025-01-14 20:37:37,869 - INFO - Loading images from class 'boat' in real. Total images: 200
2025-01-14 20:37:37,906 - INFO - Loading images from class 'bottle' in real. Total images: 200
2025-01-14 20:37:37,940 - INFO - Loading images from class 'bus' in real. Total images: 200
2025-01-14 20:37:37,978 - INFO - Loading images from class 'car' in real. Total images: 200
2025-01-14 20:37:38,017 - INFO - Loading images from class 'cat' in real. Total images: 200
2025-01-14 20:37:38,060 - INFO - Loading images from class 'chair' in real. Total images: 200
2025-01-14 20:37:38,097 - INFO - Loading images from class 'cow' in real. Total images: 200
2025-01-14 20:37:38,135 - INFO - Loading images from class 'diningtable' in real. Total images: 200
2025-01-14 20:37:38,171 - INFO - Loading images from class 'dog' in real. Total images: 200
2025-01-14 20:37:38,210 - INFO - Loading images from class 'horse' in real. Total images: 200
2025-01-14 20:37:38,249 - INFO - Loading images from class 'motorbike' in real. Total images: 200
2025-01-14 20:37:38,288 - INFO - Loading images from class 'person' in real. Total images: 200
2025-01-14 20:37:38,326 - INFO - Loading images from class 'pottedplant' in real. Total images: 200
2025-01-14 20:37:38,365 - INFO - Loading images from class 'sheep' in real. Total images: 200
2025-01-14 20:37:38,403 - INFO - Loading images from class 'sofa' in real. Total images: 200
2025-01-14 20:37:38,443 - INFO - Loading images from class 'train' in real. Total images: 200
2025-01-14 20:37:38,484 - INFO - Loading images from class 'tvmonitor' in real. Total images: 200
2025-01-14 20:37:38,519 - INFO - Found 20 classes in fake directory.
2025-01-14 20:37:38,519 - INFO - Loading images from class 'airplane' in fake. Total images: 200
2025-01-14 20:37:38,555 - INFO - Loading images from class 'bicycle' in fake. Total images: 200
2025-01-14 20:37:38,593 - INFO - Loading images from class 'bird' in fake. Total images: 200
2025-01-14 20:37:38,630 - INFO - Loading images from class 'boat' in fake. Total images: 200
2025-01-14 20:37:38,673 - INFO - Loading images from class 'bottle' in fake. Total images: 200
2025-01-14 20:37:38,711 - INFO - Loading images from class 'bus' in fake. Total images: 200
2025-01-14 20:37:38,749 - INFO - Loading images from class 'car' in fake. Total images: 200
2025-01-14 20:37:38,787 - INFO - Loading images from class 'cat' in fake. Total images: 200
2025-01-14 20:37:38,823 - INFO - Loading images from class 'chair' in fake. Total images: 200
2025-01-14 20:37:38,861 - INFO - Loading images from class 'cow' in fake. Total images: 200
2025-01-14 20:37:38,903 - INFO - Loading images from class 'diningtable' in fake. Total images: 200
2025-01-14 20:37:38,945 - INFO - Loading images from class 'dog' in fake. Total images: 200
2025-01-14 20:37:38,983 - INFO - Loading images from class 'horse' in fake. Total images: 200
2025-01-14 20:37:39,021 - INFO - Loading images from class 'motorbike' in fake. Total images: 200
2025-01-14 20:37:39,061 - INFO - Loading images from class 'person' in fake. Total images: 200
2025-01-14 20:37:39,099 - INFO - Loading images from class 'pottedplant' in fake. Total images: 200
2025-01-14 20:37:39,144 - INFO - Loading images from class 'sheep' in fake. Total images: 200
2025-01-14 20:37:39,184 - INFO - Loading images from class 'sofa' in fake. Total images: 200
2025-01-14 20:37:39,222 - INFO - Loading images from class 'train' in fake. Total images: 200
2025-01-14 20:37:39,262 - INFO - Loading images from class 'tvmonitor' in fake. Total images: 200
2025-01-14 20:37:39,297 - INFO - Total real images: 4000
2025-01-14 20:37:39,297 - INFO - Total fake images: 4000
2025-01-14 20:37:39,297 - INFO - Total images loaded: 8000
2025-01-14 20:37:39,297 - INFO - 数据集总大小: 8000
2025-01-14 20:37:39,298 - INFO - 训练集大小: 6400, 测试集大小: 1600
2025-01-14 20:37:47,326 - INFO - 测试集中的真实图片数量: 854, 假图片数量: 746
2025-01-14 20:37:47,517 - INFO - 成功加载已有的模型
2025-01-14 20:37:52,878 - INFO - 对抗攻击前 - 真实图片准确率: 99.30%, 假图片准确率: 99.46%
2025-01-14 20:38:01,293 - INFO - 对抗攻击后 - 真实图片准确率: 89.34%, 假图片准确率: 28.69%
2025-01-14 20:38:01,294 - INFO - 对抗攻击前 - 总体准确率: 99.38%
2025-01-14 20:38:01,294 - INFO - 对抗攻击后 - 总体准确率: 61.06%
