2025-01-14 18:00:57,097 - INFO - 使用设备: cuda
2025-01-14 18:00:57,216 - INFO - Total real images: 4000
2025-01-14 18:00:57,216 - INFO - Total fake images: 4000
2025-01-14 18:00:57,216 - INFO - Total images loaded: 8000
2025-01-14 18:00:57,216 - INFO - 数据集总大小: 8000
2025-01-14 18:01:05,748 - INFO - 测试集: real=814, fake=786
2025-01-14 18:01:35,747 - INFO - Epoch [1/20], Loss: 0.5828, Accuracy: 68.75%
2025-01-14 18:02:05,586 - INFO - Epoch [2/20], Loss: 0.3250, Accuracy: 85.59%
2025-01-14 18:02:35,353 - INFO - Epoch [3/20], Loss: 0.2249, Accuracy: 90.70%
2025-01-14 18:03:05,264 - INFO - Epoch [4/20], Loss: 0.1833, Accuracy: 92.84%
2025-01-14 18:03:35,392 - INFO - Epoch [5/20], Loss: 0.1666, Accuracy: 93.61%
2025-01-14 18:04:05,284 - INFO - Epoch [6/20], Loss: 0.1339, Accuracy: 94.89%
2025-01-14 18:04:35,278 - INFO - Epoch [7/20], Loss: 0.1033, Accuracy: 96.17%
2025-01-14 18:05:05,265 - INFO - Epoch [8/20], Loss: 0.0588, Accuracy: 98.17%
2025-01-14 18:05:35,310 - INFO - Epoch [9/20], Loss: 0.0451, Accuracy: 98.50%
2025-01-14 18:06:05,270 - INFO - Epoch [10/20], Loss: 0.0403, Accuracy: 98.69%
2025-01-14 18:06:37,445 - INFO - Epoch [11/20], Loss: 0.0319, Accuracy: 99.08%
2025-01-14 18:07:24,043 - INFO - Epoch [12/20], Loss: 0.0294, Accuracy: 99.19%
2025-01-14 18:08:10,646 - INFO - Epoch [13/20], Loss: 0.0336, Accuracy: 98.89%
2025-01-14 18:08:57,408 - INFO - Epoch [14/20], Loss: 0.0219, Accuracy: 99.39%
2025-01-14 18:09:44,080 - INFO - Epoch [15/20], Loss: 0.0191, Accuracy: 99.44%
2025-01-14 18:10:30,834 - INFO - Epoch [16/20], Loss: 0.0180, Accuracy: 99.58%
2025-01-14 18:11:17,644 - INFO - Epoch [17/20], Loss: 0.0209, Accuracy: 99.36%
2025-01-14 18:12:04,423 - INFO - Epoch [18/20], Loss: 0.0233, Accuracy: 99.28%
2025-01-14 18:12:51,179 - INFO - Epoch [19/20], Loss: 0.0157, Accuracy: 99.59%
2025-01-14 18:13:38,061 - INFO - Epoch [20/20], Loss: 0.0168, Accuracy: 99.53%
2025-01-14 18:13:38,061 - INFO - 训练完成
2025-01-14 18:13:38,094 - INFO - 模型已保存 model.pth
2025-01-14 18:13:44,939 - INFO - 无UAP - 真实图片准确率: 95.70%, 假图片准确率: 95.67%
2025-01-14 18:14:04,657 - INFO - UAP已生成。
2025-01-14 18:14:11,380 - INFO - UAP攻击后 - 真实图片准确率: 88.94%, 假图片准确率: 26.46%
2025-01-14 18:14:11,380 - INFO - 无UAP - 总体准确率: 95.69%
2025-01-14 18:14:11,380 - INFO - UAP后 - 总体准确率: 58.25%
